<?xml version="1.0" encoding="UTF-8"?>
<testng-results skipped="0" failed="0" ignored="0" total="1" passed="1">
  <reporter-output>
  </reporter-output>
  <suite name="Default suite" duration-ms="27817" started-at="2020-10-21T09:51:28 BDT" finished-at="2020-10-21T09:51:56 BDT">
    <groups>
    </groups>
    <test name="Default test" duration-ms="27817" started-at="2020-10-21T09:51:28 BDT" finished-at="2020-10-21T09:51:56 BDT">
      <class name="emni.DDTLoginWithComment">
        <test-method status="PASS" signature="login()[pri:0, instance:emni.DDTLoginWithComment@76b0bfab]" name="login" duration-ms="27753" started-at="2020-10-21T09:51:28 BDT" finished-at="2020-10-21T09:51:56 BDT">
          <reporter-output>
          </reporter-output>
        </test-method> <!-- login -->
      </class> <!-- emni.DDTLoginWithComment -->
    </test> <!-- Default test -->
  </suite> <!-- Default suite -->
</testng-results>
